0 info it worked if it ends with ok
1 verbose cli [ 'C:\\Program Files\\nodejs\\node.exe',
1 verbose cli   'C:\\Users\\Administrator\\AppData\\Roaming\\npm\\node_modules\\cnpm\\node_modules\\npm\\bin\\npm-cli.js',
1 verbose cli   '--userconfig=C:\\Users\\Administrator\\.cnpmrc',
1 verbose cli   '--disturl=https://npm.taobao.org/mirrors/node',
1 verbose cli   '--registry=https://registry.npm.taobao.org',
1 verbose cli   'start' ]
2 info using npm@3.10.10
3 info using node@v6.9.5
4 verbose run-script [ 'prestart', 'start', 'poststart' ]
5 info lifecycle 10-03@1.0.0~prestart: 10-03@1.0.0
6 silly lifecycle 10-03@1.0.0~prestart: no script for prestart, continuing
7 info lifecycle 10-03@1.0.0~start: 10-03@1.0.0
8 verbose lifecycle 10-03@1.0.0~start: unsafe-perm in lifecycle true
9 verbose lifecycle 10-03@1.0.0~start: PATH: C:\Users\Administrator\AppData\Roaming\npm\node_modules\cnpm\node_modules\npm\bin\node-gyp-bin;D:\用户目录\我的文档\GitHub\react-news\node_modules\.bin;C:\Windows\system32;C:\Windows;C:\Windows\System32\Wbem;C:\Windows\System32\WindowsPowerShell\v1.0\;C:\Program Files (x86)\NVIDIA Corporation\PhysX\Common;C:\Program Files\nodejs\;C:\Users\Administrator\AppData\Roaming\npm;C:\Users\Administrator\AppData\Local\atom\bin
10 verbose lifecycle 10-03@1.0.0~start: CWD: D:\用户目录\我的文档\GitHub\react-news
11 silly lifecycle 10-03@1.0.0~start: Args: [ '/d /s /c', 'webpack-dev-server -inline -hot' ]
12 silly lifecycle 10-03@1.0.0~start: Returned: code: 4294967295  signal: null
13 info lifecycle 10-03@1.0.0~start: Failed to exec start script
14 verbose stack Error: 10-03@1.0.0 start: `webpack-dev-server -inline -hot`
14 verbose stack Exit status 4294967295
14 verbose stack     at EventEmitter.<anonymous> (C:\Users\Administrator\AppData\Roaming\npm\node_modules\cnpm\node_modules\npm\lib\utils\lifecycle.js:255:16)
14 verbose stack     at emitTwo (events.js:106:13)
14 verbose stack     at EventEmitter.emit (events.js:191:7)
14 verbose stack     at ChildProcess.<anonymous> (C:\Users\Administrator\AppData\Roaming\npm\node_modules\cnpm\node_modules\npm\lib\utils\spawn.js:40:14)
14 verbose stack     at emitTwo (events.js:106:13)
14 verbose stack     at ChildProcess.emit (events.js:191:7)
14 verbose stack     at maybeClose (internal/child_process.js:877:16)
14 verbose stack     at Process.ChildProcess._handle.onexit (internal/child_process.js:226:5)
15 verbose pkgid 10-03@1.0.0
16 verbose cwd D:\用户目录\我的文档\GitHub\react-news
17 error Windows_NT 6.1.7601
18 error argv "C:\\Program Files\\nodejs\\node.exe" "C:\\Users\\Administrator\\AppData\\Roaming\\npm\\node_modules\\cnpm\\node_modules\\npm\\bin\\npm-cli.js" "--userconfig=C:\\Users\\Administrator\\.cnpmrc" "--disturl=https://npm.taobao.org/mirrors/node" "--registry=https://registry.npm.taobao.org" "start"
19 error node v6.9.5
20 error npm  v3.10.10
21 error code ELIFECYCLE
22 error 10-03@1.0.0 start: `webpack-dev-server -inline -hot`
22 error Exit status 4294967295
23 error Failed at the 10-03@1.0.0 start script 'webpack-dev-server -inline -hot'.
23 error Make sure you have the latest version of node.js and npm installed.
23 error If you do, this is most likely a problem with the 10-03 package,
23 error not with npm itself.
23 error Tell the author that this fails on your system:
23 error     webpack-dev-server -inline -hot
23 error You can get information on how to open an issue for this project with:
23 error     npm bugs 10-03
23 error Or if that isn't available, you can get their info via:
23 error     npm owner ls 10-03
23 error There is likely additional logging output above.
24 verbose exit [ 1, true ]
